<?xml version="1.0" encoding="UTF-8"?>
<!-- Generated by org.testng.reporters.JUnitReportReporter -->
<testsuite ignored="0" hostname="DESKTOP-IP6422B" failures="0" tests="1" name="com.test.automation.uiAutomation.homePage.TC0001_VerifyLogin" time="6.850" errors="0" timestamp="27 Mar 2018 05:07:26 GMT" skipped="0">
  <testcase classname="com.test.automation.uiAutomation.homePage.TC0001_VerifyLogin" name="verifyLogin" time="6.850"/>
</testsuite> <!-- com.test.automation.uiAutomation.homePage.TC0001_VerifyLogin -->
